# CUDA_PROFILE_LOG_VERSION 1.4
# CUDA_DEVICE 0 Tesla C1060
# CUDA_PROFILE_CSV 1
method,gputime,cputime,occupancy,cta_launched
memcopy,55.968,113.134
_Z23calculateI1AndI2TexturePhS_,48.672,95.918,1.000,60
_Z29calculateI1AndI2Stage2TexturePhS_,6.368,19.752,1.000,1
_Z21calculateI1AndI2FinalPhS_hPf,5.728,18.925,0.250,0
_Z19enhanceContrastCUDAPhPf,157.792,171.018,1.000,120
_Z24lowPassFilterCUDATexturePh,109.856,123.342,1.000,120
memcpyDtoD_aligned,9.824,21.835,1.000,60
_Z29calculateThresholdCUDATexturehPjS_S_,97.664,111.230,1.000,120
_Z28calculateThresholdCUDAStage2PjS_S_S_S_S_,7.104,20.447,1.000,0
_Z27calculateThresholdCUDAFinalPjS_S_jPh,10.272,23.167,0.250,0
memcopy,4.608,13.958
_Z29calculateThresholdCUDATexturehPjS_S_,97.312,110.709,1.000,120
_Z28calculateThresholdCUDAStage2PjS_S_S_S_S_,6.784,20.082,1.000,1
_Z27calculateThresholdCUDAFinalPjS_S_jPh,10.240,23.195,0.250,0
memcopy,4.384,13.889
_Z29calculateThresholdCUDATexturehPjS_S_,96.736,109.733,1.000,120
_Z28calculateThresholdCUDAStage2PjS_S_S_S_S_,6.944,20.244,1.000,1
_Z27calculateThresholdCUDAFinalPjS_S_jPh,10.112,23.034,0.250,0
memcopy,4.416,13.888
_Z29calculateThresholdCUDATexturehPjS_S_,96.576,109.432,1.000,120
_Z28calculateThresholdCUDAStage2PjS_S_S_S_S_,6.912,19.975,1.000,0
_Z27calculateThresholdCUDAFinalPjS_S_jPh,10.240,23.123,0.250,0
memcopy,4.448,14.139
_Z29calculateThresholdCUDATexturehPjS_S_,96.384,109.295,1.000,120
_Z28calculateThresholdCUDAStage2PjS_S_S_S_S_,6.848,20.078,1.000,1
_Z27calculateThresholdCUDAFinalPjS_S_jPh,10.176,23.194,0.250,0
memcopy,4.416,13.618
_Z29calculateThresholdCUDATexturehPjS_S_,96.160,109.154,1.000,120
_Z28calculateThresholdCUDAStage2PjS_S_S_S_S_,6.880,20.008,1.000,0
_Z27calculateThresholdCUDAFinalPjS_S_jPh,10.208,23.314,0.250,0
memcopy,4.384,13.815
_Z29calculateThresholdCUDATexturehPjS_S_,95.680,108.716,1.000,120
_Z28calculateThresholdCUDAStage2PjS_S_S_S_S_,6.752,20.001,1.000,1
_Z27calculateThresholdCUDAFinalPjS_S_jPh,10.272,23.259,0.250,0
memcopy,4.416,13.707
_Z29calculateThresholdCUDATexturehPjS_S_,95.616,108.490,1.000,120
_Z28calculateThresholdCUDAStage2PjS_S_S_S_S_,6.912,19.828,1.000,1
_Z27calculateThresholdCUDAFinalPjS_S_jPh,10.176,22.991,0.250,0
memcopy,4.320,13.792
_Z29calculateThresholdCUDATexturehPjS_S_,95.552,108.669,1.000,120
_Z28calculateThresholdCUDAStage2PjS_S_S_S_S_,6.880,20.217,1.000,0
_Z27calculateThresholdCUDAFinalPjS_S_jPh,10.304,23.390,0.250,0
memcopy,4.352,13.775
_Z25segmentImageCoalescedCUDAP6uchar4h,10.400,23.652,1.000,30
_Z17dilateImageCUDA_DPh,22.560,43.799,1.000,120
_Z17dilateImageCUDA_RPh,23.968,37.349,1.000,120
_Z17dilateImageCUDA_DPh,23.776,37.143,1.000,120
_Z17dilateImageCUDA_RPh,23.968,37.144,1.000,120
_Z17dilateImageCUDA_DPh,24.192,37.419,1.000,120
_Z17dilateImageCUDA_RPh,24.832,38.088,1.000,120
_Z16erodeImageCUDA_DPh,43.584,56.719,1.000,120
_Z16erodeImageCUDA_RPh,43.648,57.065,1.000,120
_Z16erodeImageCUDA_DPh,42.432,55.596,1.000,120
_Z16erodeImageCUDA_RPh,42.336,55.720,1.000,120
_Z16erodeImageCUDA_DPh,41.152,54.330,1.000,120
_Z16erodeImageCUDA_RPh,38.432,51.694,1.000,120
_Z36removeUnwantedNoiseHeightCUDATexturePhi,37.856,50.938,1.000,120
_Z35removeUnwantedNoiseWidthCUDATexturePhi,43.488,56.621,1.000,120
_Z36removeUnwantedNoiseHeightCUDATexturePhi,32.640,46.070,1.000,120
_Z35removeUnwantedNoiseWidthCUDATexturePhi,41.696,55.015,1.000,120
memcopy,59.648,126.083
