# CUDA_PROFILE_LOG_VERSION 1.4
# CUDA_DEVICE 0 Tesla C1060
# CUDA_PROFILE_CSV 1
timestamp,method,gputime,cputime,gridSizeX,gridSizeY,blockSizeX,blockSizeY,blockSizeZ,dynSmemPerBlock,staSmemPerBlock,registerPerThread,occupancy,streamID,local_load,local_store,divergent_branch,branch,memTransferSize,memTransferDir
35454.910,memcopy,55.936,111.813,,,,,,,,,,,,,,,307200,0
35586.695,_Z23calculateI1AndI2TexturePhS_,48.704,91.824,600,1,256,1,1,0,544,6,1.000,0,0,0,20,2560
35761.734,_Z29calculateI1AndI2Stage2TexturePhS_,6.464,19.920,3,1,256,1,1,0,544,8,1.000,0,0,0,1,128
35841.047,_Z21calculateI1AndI2FinalPhS_hPf,5.696,19.048,1,1,1,1,1,6,48,7,0.250,0,0,0,0,0
35917.270,_Z19enhanceContrastCUDAPhPf,158.880,172.247,1200,1,256,1,1,0,32,6,1.000,0,0,0,0,640
36161.008,_Z24lowPassFilterCUDATexturePh,110.048,123.479,1200,1,256,1,1,0,32,8,1.000,0,0,0,0,960
36344.242,memcpyDtoD_aligned,9.760,21.728,600,1,128,1,1,0,36,3,1.000,0,0,0,0,80
36684.055,_Z29calculateThresholdCUDATexturehPjS_S_,97.632,111.163,1200,1,256,1,1,0,3120,7,1.000,0,0,0,289,15286
36858.844,_Z28calculateThresholdCUDAStage2PjS_S_S_S_S_,7.040,20.369,5,1,256,1,1,0,3136,7,1.000,0,0,0,0,0
36937.457,_Z27calculateThresholdCUDAFinalPjS_S_jPh,10.144,23.176,1,1,1,1,1,60,64,8,0.250,0,0,0,0,0
37018.332,memcopy,4.672,14.106,,,,,,,,,,,,,,,1,1
37036.133,_Z29calculateThresholdCUDATexturehPjS_S_,96.960,109.886,1200,1,256,1,1,0,3120,7,1.000,0,0,0,241,15241
37205.730,_Z28calculateThresholdCUDAStage2PjS_S_S_S_S_,6.816,19.933,5,1,256,1,1,0,3136,7,1.000,0,0,0,0,0
37283.531,_Z27calculateThresholdCUDAFinalPjS_S_jPh,10.176,23.073,1,1,1,1,1,60,64,8,0.250,0,0,0,0,0
37362.172,memcopy,4.480,13.902,,,,,,,,,,,,,,,1,1
37379.742,_Z29calculateThresholdCUDATexturehPjS_S_,97.184,110.154,1200,1,256,1,1,0,3120,7,1.000,0,0,0,377,15375
37548.570,_Z28calculateThresholdCUDAStage2PjS_S_S_S_S_,6.880,20.417,5,1,256,1,1,0,3136,7,1.000,0,0,0,0,0
37626.551,_Z27calculateThresholdCUDAFinalPjS_S_jPh,10.176,23.046,1,1,1,1,1,60,64,8,0.250,0,0,0,0,0
37704.859,memcopy,4.320,13.780,,,,,,,,,,,,,,,1,1
37722.285,_Z29calculateThresholdCUDATexturehPjS_S_,96.768,109.870,1200,1,256,1,1,0,3120,7,1.000,0,0,0,255,15255
37890.336,_Z28calculateThresholdCUDAStage2PjS_S_S_S_S_,6.816,19.907,5,1,256,1,1,0,3136,7,1.000,0,0,0,0,0
37967.945,_Z27calculateThresholdCUDAFinalPjS_S_jPh,9.824,22.722,1,1,1,1,1,60,64,8,0.250,0,0,0,0,0
38046.000,memcopy,4.320,13.808,,,,,,,,,,,,,,,1,1
38063.477,_Z29calculateThresholdCUDATexturehPjS_S_,96.416,109.328,1200,1,256,1,1,0,3120,7,1.000,0,0,0,300,15300
38231.227,_Z28calculateThresholdCUDAStage2PjS_S_S_S_S_,6.880,19.961,5,1,256,1,1,0,3136,7,1.000,0,0,0,6,349
38308.293,_Z27calculateThresholdCUDAFinalPjS_S_jPh,10.240,23.416,1,1,1,1,1,60,64,8,0.250,0,0,0,0,0
38387.035,memcopy,4.416,13.743,,,,,,,,,,,,,,,1,1
38404.402,_Z29calculateThresholdCUDATexturehPjS_S_,96.256,109.291,1200,1,256,1,1,0,3120,7,1.000,0,0,0,273,15270
38572.238,_Z28calculateThresholdCUDAStage2PjS_S_S_S_S_,6.944,19.959,5,1,256,1,1,0,3136,7,1.000,0,0,0,0,0
38649.570,_Z27calculateThresholdCUDAFinalPjS_S_jPh,10.208,23.182,1,1,1,1,1,60,64,8,0.250,0,0,0,0,0
38728.023,memcopy,4.384,13.871,,,,,,,,,,,,,,,1,1
38745.492,_Z29calculateThresholdCUDATexturehPjS_S_,96.032,109.045,1200,1,256,1,1,0,3120,7,1.000,0,0,0,240,15240
38912.977,_Z28calculateThresholdCUDAStage2PjS_S_S_S_S_,6.752,19.902,5,1,256,1,1,0,3136,7,1.000,0,0,0,0,0
38990.664,_Z27calculateThresholdCUDAFinalPjS_S_jPh,10.208,23.163,1,1,1,1,1,60,64,8,0.250,0,0,0,0,0
39069.113,memcopy,4.384,13.683,,,,,,,,,,,,,,,1,1
39086.441,_Z29calculateThresholdCUDATexturehPjS_S_,95.776,108.820,1200,1,256,1,1,0,3120,7,1.000,0,0,0,269,15268
39253.508,_Z28calculateThresholdCUDAStage2PjS_S_S_S_S_,6.848,19.915,5,1,256,1,1,0,3136,7,1.000,0,0,0,0,0
39331.094,_Z27calculateThresholdCUDAFinalPjS_S_jPh,9.728,22.631,1,1,1,1,1,60,64,8,0.250,0,0,0,0,0
39409.055,memcopy,4.480,14.041,,,,,,,,,,,,,,,1,1
39426.789,_Z29calculateThresholdCUDATexturehPjS_S_,95.648,108.756,1200,1,256,1,1,0,3120,7,1.000,0,0,0,249,15249
39593.664,_Z28calculateThresholdCUDAStage2PjS_S_S_S_S_,6.816,19.783,5,1,256,1,1,0,3136,7,1.000,0,0,0,0,0
39671.188,_Z27calculateThresholdCUDAFinalPjS_S_jPh,10.240,23.312,1,1,1,1,1,60,64,8,0.250,0,0,0,0,0
39749.969,memcopy,4.416,13.899,,,,,,,,,,,,,,,1,1
39955.496,_Z25segmentImageCoalescedCUDAP6uchar4h,10.240,23.435,300,1,256,1,1,0,32,6,1.000,0,0,0,0,0
40102.414,_Z17dilateImageCUDA_DPh,22.432,43.804,1200,1,256,1,1,0,32,7,1.000,0,0,0,35,357
40208.176,_Z17dilateImageCUDA_RPh,23.840,37.020,1200,1,256,1,1,0,32,7,1.000,0,0,0,32,358
40302.973,_Z17dilateImageCUDA_DPh,23.456,36.816,1200,1,256,1,1,0,32,7,1.000,0,0,0,38,364
40397.008,_Z17dilateImageCUDA_RPh,24.224,37.505,1200,1,256,1,1,0,32,7,1.000,0,0,0,38,364
40491.875,_Z17dilateImageCUDA_DPh,24.448,37.671,1200,1,256,1,1,0,32,7,1.000,0,0,0,38,364
40586.672,_Z17dilateImageCUDA_RPh,25.504,38.892,1200,1,256,1,1,0,32,7,1.000,0,0,0,42,368
40735.852,_Z16erodeImageCUDA_DPh,43.296,56.424,1200,1,256,1,1,0,32,6,1.000,0,0,0,10,426
40901.027,_Z16erodeImageCUDA_RPh,43.072,56.078,1200,1,256,1,1,0,32,6,1.000,0,0,0,74,1439
41065.891,_Z16erodeImageCUDA_DPh,42.144,55.197,1200,1,256,1,1,0,32,6,1.000,0,0,0,49,878
41229.418,_Z16erodeImageCUDA_RPh,42.176,55.379,1200,1,256,1,1,0,32,6,1.000,0,0,0,19,518
41412.355,_Z16erodeImageCUDA_DPh,40.896,53.915,1200,1,256,1,1,0,32,6,1.000,0,0,0,77,1500
41576.348,_Z16erodeImageCUDA_RPh,38.624,51.896,1200,1,256,1,1,0,32,6,1.000,0,0,0,3,352
41687.891,_Z36removeUnwantedNoiseHeightCUDATexturePhi,38.304,51.882,1200,1,256,1,1,0,32,7,1.000,0,0,0,2,644
41797.762,_Z35removeUnwantedNoiseWidthCUDATexturePhi,43.616,56.927,1200,1,256,1,1,0,32,6,1.000,0,0,0,40,640
41912.301,_Z36removeUnwantedNoiseHeightCUDATexturePhi,32.704,46.001,1200,1,256,1,1,0,32,7,1.000,0,0,0,1,633
42015.750,_Z35removeUnwantedNoiseWidthCUDATexturePhi,41.600,54.819,1200,1,256,1,1,0,32,6,1.000,0,0,0,40,640
42127.051,memcopy,60.128,125.993,,,,,,,,,,,,,,,307200,1
