# CUDA_PROFILE_LOG_VERSION 1.4
# CUDA_DEVICE 0 Tesla C1060
# CUDA_PROFILE_CSV 1
method,gputime,cputime,occupancy,gst_32b,gst_64b,gst_128b,warp_serialize
memcopy,55.584,111.936
_Z23calculateI1AndI2TexturePhS_,48.768,95.262,1.000,120,0,0,11386
_Z29calculateI1AndI2Stage2TexturePhS_,6.368,20.300,1.000,2,0,0,1063
_Z21calculateI1AndI2FinalPhS_hPf,5.632,19.051,0.250,0,0,0,0
_Z19enhanceContrastCUDAPhPf,157.088,170.266,1.000,1920,0,0,0
_Z24lowPassFilterCUDATexturePh,109.728,123.204,1.000,1920,0,0,0
memcpyDtoD_aligned,10.016,21.832,1.000,0,480,0,0
_Z29calculateThresholdCUDATexturehPjS_S_,97.728,111.340,1.000,360,0,0,0
_Z28calculateThresholdCUDAStage2PjS_S_S_S_S_,7.072,20.219,1.000,0,0,0,0
_Z27calculateThresholdCUDAFinalPjS_S_jPh,10.208,23.129,0.250,0,0,0,0
memcopy,4.608,13.875
_Z29calculateThresholdCUDATexturehPjS_S_,96.800,109.514,1.000,360,0,0,0
_Z28calculateThresholdCUDAStage2PjS_S_S_S_S_,6.816,19.808,1.000,3,0,0,0
_Z27calculateThresholdCUDAFinalPjS_S_jPh,10.176,23.140,0.250,0,0,0,0
memcopy,4.480,14.146
_Z29calculateThresholdCUDATexturehPjS_S_,97.120,110.272,1.000,360,0,0,0
_Z28calculateThresholdCUDAStage2PjS_S_S_S_S_,6.880,20.231,1.000,3,0,0,0
_Z27calculateThresholdCUDAFinalPjS_S_jPh,10.272,23.355,0.250,0,0,0,0
memcopy,4.320,13.875
_Z29calculateThresholdCUDATexturehPjS_S_,96.448,109.204,1.000,360,0,0,0
_Z28calculateThresholdCUDAStage2PjS_S_S_S_S_,6.912,19.963,1.000,0,0,0,0
_Z27calculateThresholdCUDAFinalPjS_S_jPh,10.272,23.410,0.250,0,0,0,0
memcopy,4.480,14.169
_Z29calculateThresholdCUDATexturehPjS_S_,96.416,109.335,1.000,360,0,0,0
_Z28calculateThresholdCUDAStage2PjS_S_S_S_S_,6.816,20.193,1.000,3,0,0,0
_Z27calculateThresholdCUDAFinalPjS_S_jPh,10.240,23.088,0.250,0,0,0,0
memcopy,4.384,13.895
_Z29calculateThresholdCUDATexturehPjS_S_,96.064,108.928,1.000,360,0,0,0
_Z28calculateThresholdCUDAStage2PjS_S_S_S_S_,6.912,20.061,1.000,0,0,0,0
_Z27calculateThresholdCUDAFinalPjS_S_jPh,10.336,23.272,0.250,0,0,0,0
memcopy,4.384,13.851
_Z29calculateThresholdCUDATexturehPjS_S_,95.520,108.531,1.000,360,0,0,0
_Z28calculateThresholdCUDAStage2PjS_S_S_S_S_,6.784,19.903,1.000,3,0,0,0
_Z27calculateThresholdCUDAFinalPjS_S_jPh,10.336,23.386,0.250,0,0,0,0
memcopy,4.416,13.785
_Z29calculateThresholdCUDATexturehPjS_S_,95.520,108.330,1.000,360,0,0,0
_Z28calculateThresholdCUDAStage2PjS_S_S_S_S_,6.912,20.182,1.000,3,0,0,0
_Z27calculateThresholdCUDAFinalPjS_S_jPh,10.272,23.201,0.250,0,0,0,0
memcopy,4.416,13.932
_Z29calculateThresholdCUDATexturehPjS_S_,95.488,108.432,1.000,360,0,0,0
_Z28calculateThresholdCUDAStage2PjS_S_S_S_S_,6.912,19.933,1.000,0,0,0,0
_Z27calculateThresholdCUDAFinalPjS_S_jPh,10.304,23.086,0.250,0,0,0,0
memcopy,4.480,13.793
_Z25segmentImageCoalescedCUDAP6uchar4h,10.272,23.578,1.000,0,480,0,0
_Z17dilateImageCUDA_DPh,22.496,44.159,1.000,1542,0,0,0
_Z17dilateImageCUDA_RPh,23.744,37.138,1.000,1737,0,0,0
_Z17dilateImageCUDA_DPh,23.648,37.080,1.000,2016,0,0,0
_Z17dilateImageCUDA_RPh,24.032,37.416,1.000,2184,0,0,0
_Z17dilateImageCUDA_DPh,24.576,37.952,1.000,2355,0,0,0
_Z17dilateImageCUDA_RPh,25.056,38.401,1.000,2499,0,0,0
_Z16erodeImageCUDA_DPh,43.744,56.988,1.000,7,0,0,0
_Z16erodeImageCUDA_RPh,43.680,56.961,1.000,164,0,0,0
_Z16erodeImageCUDA_DPh,42.528,55.508,1.000,71,0,0,0
_Z16erodeImageCUDA_RPh,42.496,55.562,1.000,18,0,0,0
_Z16erodeImageCUDA_DPh,41.376,54.680,1.000,165,0,0,0
_Z16erodeImageCUDA_RPh,38.752,51.877,1.000,3,0,0,0
_Z36removeUnwantedNoiseHeightCUDATexturePhi,38.176,51.359,1.000,1921,0,0,0
_Z35removeUnwantedNoiseWidthCUDATexturePhi,43.584,56.781,1.000,1920,0,0,0
_Z36removeUnwantedNoiseHeightCUDATexturePhi,32.896,46.300,1.000,1920,0,0,0
_Z35removeUnwantedNoiseWidthCUDATexturePhi,41.472,55.398,1.000,1920,0,0,0
memcopy,60.096,126.579
